<?xml version="1.0" encoding="UTF-8"?>
<!-- Generated by org.testng.reporters.JUnitReportReporter -->
<testsuite skipped="0" hostname="yuvadharshini" name="com.runner.TestRunnerClass" tests="3" failures="0" timestamp="30 Aug 2022 21:27:34 GMT" time="8.223" errors="0">
  <testcase name="tc_001" time="3.146" classname="com.runner.TestRunnerClass"/>
  <testcase name="tc_002" time="2.595" classname="com.runner.TestRunnerClass"/>
  <testcase name="tc_003" time="2.482" classname="com.runner.TestRunnerClass"/>
</testsuite> <!-- com.runner.TestRunnerClass -->
